[2026-01-30 17:47:36] PARK - Slot: F0-B7, Vehicle: 23
[2026-01-30 17:54:20] PARK - Slot: F0-A2, Vehicle: 1
[2026-01-30 17:54:35] PARK - Slot: F0-B1, Vehicle: 4
[2026-01-30 17:54:42] PARK - Slot: F0-A8, Vehicle: 2
[2026-02-06 12:46:31] EXIT - Slot: F0-A2, Vehicle: 1
[2026-02-06 12:46:53] PARK - Slot: F1-D3, Vehicle: KA01AB2834
[2026-02-06 12:47:23] PARK - Slot: F0-A1, Vehicle: KA01AB6656
[2026-02-06 13:14:57] PARK - Slot: F0-A2, Vehicle: KA01AB4526
[2026-02-06 13:16:10] EXIT - Slot: F0-B7, Vehicle: 23
[2026-02-06 20:20:58] EXIT - Slot: F0-B1, Vehicle: 4
[2026-02-06 20:23:49] EXIT - Slot: F1-D3, Vehicle: KA01AB2834
[2026-02-06 23:11:37] PARK - Slot: F0-A3, Vehicle: KA01AC4567
[2026-02-06 23:12:15] PARK - Slot: F0-A6, Vehicle: 5
[2026-02-06 23:12:24] PARK - Slot: F0-A7, Vehicle: 5
[2026-02-06 23:12:42] PARK - Slot: F0-A4, Vehicle: 5
[2026-02-07 14:28:28] EXIT - Slot: F0-R1S1, Vehicle: KA01AB1234
[2026-02-07 14:32:50] EXIT - Slot: F0-R2S3, Vehicle: 56
[2026-02-08 11:57:21] EXIT - Slot: F1-R2S1, Vehicle: 43
[2026-02-08 11:57:24] EXIT - Slot: F1-R3S1, Vehicle: 12
[2026-02-08 11:57:27] EXIT - Slot: F1-R1S1, Vehicle: 56
[2026-02-08 11:57:31] EXIT - Slot: F1-R4S1, Vehicle: 11
[2026-02-08 12:03:33] EXIT - Slot: F0-R1S1, Vehicle: 66
[2026-02-08 12:03:36] EXIT - Slot: F0-R2S1, Vehicle: 45
[2026-02-08 12:03:39] EXIT - Slot: F0-R2S4, Vehicle: 66
[2026-02-08 12:03:42] EXIT - Slot: F0-R1S4, Vehicle: 55
[2026-02-08 12:03:46] EXIT - Slot: F0-R4S3, Vehicle: KA01AB1234
[2026-02-08 12:03:49] EXIT - Slot: F0-R3S2, Vehicle: 11
[2026-02-08 12:03:52] EXIT - Slot: F0-R3S5, Vehicle: 33
[2026-02-08 12:03:55] EXIT - Slot: F0-R4S1, Vehicle: 1
[2026-02-08 12:04:00] EXIT - Slot: F0-R3S6, Vehicle: 33
[2026-02-08 12:04:03] EXIT - Slot: F0-R2S2, Vehicle: 12
[2026-02-08 12:04:06] EXIT - Slot: F0-R3S3, Vehicle: 12
[2026-02-08 16:08:24] EXIT - Slot: F0-R1S4, Vehicle: AA
[2026-02-08 16:08:28] EXIT - Slot: F0-R2S1, Vehicle: 12
[2026-02-08 16:08:31] EXIT - Slot: F0-R1S1, Vehicle: 12
[2026-02-08 17:47:38] EXIT - Slot: F0-R1S2, Vehicle: 12
[2026-02-08 17:47:41] EXIT - Slot: F0-R1S1, Vehicle: 22
[2026-02-08 17:47:44] EXIT - Slot: F0-R4S3, Vehicle: 22
[2026-02-08 17:52:41] EXIT - Slot: F0-R1S1, Vehicle: AS
[2026-02-08 17:52:44] EXIT - Slot: F0-R2S4, Vehicle: A
[2026-02-08 17:52:47] EXIT - Slot: F0-R3S2, Vehicle: A
